[INFO ]2024-10-23 20:48:47.059[main]utilities.Constants1)-Valid link found: https://lms-frontend-hackathon-oct24-173fe394c071.herokuapp.com/favicon.ico
[INFO ]2024-10-23 20:48:47.247[main]utilities.Constants1)-Broken link found: https://fonts.gstatic.com/ with response code: 404
[INFO ]2024-10-23 20:48:47.508[main]utilities.Constants1)-Valid link found: https://fonts.googleapis.com/css2?family=Roboto:wght@300;400;500&display=swap
[INFO ]2024-10-23 20:48:47.724[main]utilities.Constants1)-Valid link found: https://fonts.googleapis.com/icon?family=Material+Icons
[INFO ]2024-10-23 20:48:47.955[main]utilities.Constants1)-Valid link found: https://lms-frontend-hackathon-oct24-173fe394c071.herokuapp.com/styles.css
[INFO ]2024-10-23 20:52:16.043[main]utilities.Constants1)-Valid link found: https://lms-frontend-hackathon-oct24-173fe394c071.herokuapp.com/favicon.ico
[INFO ]2024-10-23 20:52:16.270[main]utilities.Constants1)-Broken link found: https://fonts.gstatic.com/ with response code: 404
[INFO ]2024-10-23 20:52:16.417[main]utilities.Constants1)-Valid link found: https://fonts.googleapis.com/css2?family=Roboto:wght@300;400;500&display=swap
[INFO ]2024-10-23 20:52:16.571[main]utilities.Constants1)-Valid link found: https://fonts.googleapis.com/icon?family=Material+Icons
[INFO ]2024-10-23 20:52:16.740[main]utilities.Constants1)-Valid link found: https://lms-frontend-hackathon-oct24-173fe394c071.herokuapp.com/styles.css
[INFO ]2024-10-23 20:55:11.073[main]utilities.Constants1)-Valid link found: https://lms-frontend-hackathon-oct24-173fe394c071.herokuapp.com/
[INFO ]2024-10-23 21:01:52.018[main]utilities.Constants1)-Valid link found: https://lms-frontend-hackathon-oct24-173fe394c071.herokuapp.com/favicon.ico
[INFO ]2024-10-23 21:01:52.298[main]utilities.Constants1)-Broken link found: https://fonts.gstatic.com/ with response code: 404
[INFO ]2024-10-23 21:01:52.433[main]utilities.Constants1)-Valid link found: https://fonts.googleapis.com/css2?family=Roboto:wght@300;400;500&display=swap
[INFO ]2024-10-23 21:01:52.574[main]utilities.Constants1)-Valid link found: https://fonts.googleapis.com/icon?family=Material+Icons
[INFO ]2024-10-23 21:01:52.730[main]utilities.Constants1)-Valid link found: https://lms-frontend-hackathon-oct24-173fe394c071.herokuapp.com/styles.css
[INFO ]2024-10-23 21:01:52.753[main]utilities.Constants1)-Error connecting to the URL
[INFO ]2024-10-23 21:01:52.768[main]utilities.Constants1)-URL is not configured for link tag
[INFO ]2024-10-23 21:01:52.782[main]utilities.Constants1)-Error connecting to the URL
[INFO ]2024-10-23 21:01:52.806[main]utilities.Constants1)-URL is not configured for link tag
[INFO ]2024-10-23 21:01:52.822[main]utilities.Constants1)-URL is not configured for link tag
[INFO ]2024-10-23 21:01:52.849[main]utilities.Constants1)-URL is not configured for link tag
[INFO ]2024-10-23 21:01:52.876[main]utilities.Constants1)-URL is not configured for link tag
[INFO ]2024-10-23 21:01:52.889[main]utilities.Constants1)-URL is not configured for link tag
[INFO ]2024-10-23 21:01:52.900[main]utilities.Constants1)-URL is not configured for link tag
[INFO ]2024-10-23 21:01:52.912[main]utilities.Constants1)-URL is not configured for link tag
[INFO ]2024-10-23 21:01:52.923[main]utilities.Constants1)-URL is not configured for link tag
[INFO ]2024-10-23 21:01:52.933[main]utilities.Constants1)-URL is not configured for link tag
[INFO ]2024-10-23 21:01:52.946[main]utilities.Constants1)-URL is not configured for link tag
[INFO ]2024-10-23 21:01:52.959[main]utilities.Constants1)-URL is not configured for link tag
[INFO ]2024-10-23 21:01:52.978[main]utilities.Constants1)-URL is not configured for link tag
[INFO ]2024-10-23 21:01:53.031[main]utilities.Constants1)-URL is not configured for link tag
[INFO ]2024-10-23 21:01:53.047[main]utilities.Constants1)-URL is not configured for link tag
[INFO ]2024-10-23 21:01:53.064[main]utilities.Constants1)-URL is not configured for link tag
[INFO ]2024-10-23 21:01:53.080[main]utilities.Constants1)-URL is not configured for link tag
[INFO ]2024-10-23 21:01:53.093[main]utilities.Constants1)-URL is not configured for link tag
[INFO ]2024-10-23 21:01:53.103[main]utilities.Constants1)-URL is not configured for link tag
[INFO ]2024-10-23 21:01:53.114[main]utilities.Constants1)-URL is not configured for link tag
[INFO ]2024-10-23 21:01:53.124[main]utilities.Constants1)-URL is not configured for link tag
[INFO ]2024-10-23 21:01:53.135[main]utilities.Constants1)-URL is not configured for link tag
[INFO ]2024-10-23 21:01:53.144[main]utilities.Constants1)-URL is not configured for link tag
[INFO ]2024-10-23 21:06:28.210[main]utilities.Constants1)-Valid link found: https://lms-frontend-hackathon-oct24-173fe394c071.herokuapp.com/favicon.ico
[INFO ]2024-10-23 21:06:28.360[main]utilities.Constants1)-Broken link found: https://fonts.gstatic.com/ with response code: 404
[INFO ]2024-10-23 21:06:28.488[main]utilities.Constants1)-Valid link found: https://fonts.googleapis.com/css2?family=Roboto:wght@300;400;500&display=swap
[INFO ]2024-10-23 21:06:28.607[main]utilities.Constants1)-Valid link found: https://fonts.googleapis.com/icon?family=Material+Icons
[INFO ]2024-10-23 21:06:28.800[main]utilities.Constants1)-Valid link found: https://lms-frontend-hackathon-oct24-173fe394c071.herokuapp.com/styles.css
[INFO ]2024-10-23 21:22:15.115[main]utilities.Constants1)-Valid link found: https://lms-frontend-hackathon-oct24-173fe394c071.herokuapp.com/favicon.ico
[INFO ]2024-10-23 21:22:15.279[main]utilities.Constants1)-Broken link found: https://fonts.gstatic.com/ with response code: 404
[INFO ]2024-10-23 21:22:15.397[main]utilities.Constants1)-Valid link found: https://fonts.googleapis.com/css2?family=Roboto:wght@300;400;500&display=swap
[INFO ]2024-10-23 21:22:15.497[main]utilities.Constants1)-Valid link found: https://fonts.googleapis.com/icon?family=Material+Icons
[INFO ]2024-10-23 21:22:15.706[main]utilities.Constants1)-Valid link found: https://lms-frontend-hackathon-oct24-173fe394c071.herokuapp.com/styles.css
[INFO ]2024-10-23 21:22:15.719[main]utilities.Constants1)-URL is not configured for link tag
[INFO ]2024-10-23 21:22:15.727[main]utilities.Constants1)-URL is not configured for link tag
[INFO ]2024-10-23 21:22:15.750[main]utilities.Constants1)-URL is not configured for link tag
[INFO ]2024-10-23 21:22:15.760[main]utilities.Constants1)-URL is not configured for link tag
[INFO ]2024-10-23 21:23:44.007[main]utilities.Constants1)-Valid link found: https://lms-frontend-hackathon-oct24-173fe394c071.herokuapp.com/favicon.ico
[INFO ]2024-10-23 21:23:44.300[main]utilities.Constants1)-Broken link found: https://fonts.gstatic.com/ with response code: 404
[INFO ]2024-10-23 21:23:44.489[main]utilities.Constants1)-Valid link found: https://fonts.googleapis.com/css2?family=Roboto:wght@300;400;500&display=swap
[INFO ]2024-10-23 21:23:44.683[main]utilities.Constants1)-Valid link found: https://fonts.googleapis.com/icon?family=Material+Icons
[INFO ]2024-10-23 21:23:44.945[main]utilities.Constants1)-Valid link found: https://lms-frontend-hackathon-oct24-173fe394c071.herokuapp.com/styles.css
[INFO ]2024-10-23 21:23:44.961[main]utilities.Constants1)-Error connecting to the URL
[INFO ]2024-10-23 21:23:44.974[main]utilities.Constants1)-Error connecting to the URL
[INFO ]2024-10-23 21:23:44.988[main]utilities.Constants1)-Error connecting to the URL
[INFO ]2024-10-23 21:23:45.000[main]utilities.Constants1)-Error connecting to the URL
[INFO ]2024-10-23 21:30:54.914[main]utilities.Constants1)-Valid link found: https://lms-frontend-hackathon-oct24-173fe394c071.herokuapp.com/favicon.ico
[INFO ]2024-10-23 21:30:55.108[main]utilities.Constants1)-Broken link found: https://fonts.gstatic.com/ with response code: 404
[INFO ]2024-10-23 21:30:55.328[main]utilities.Constants1)-Valid link found: https://fonts.googleapis.com/css2?family=Roboto:wght@300;400;500&display=swap
[INFO ]2024-10-23 21:30:55.514[main]utilities.Constants1)-Valid link found: https://fonts.googleapis.com/icon?family=Material+Icons
[INFO ]2024-10-23 21:30:55.730[main]utilities.Constants1)-Valid link found: https://lms-frontend-hackathon-oct24-173fe394c071.herokuapp.com/styles.css
[INFO ]2024-10-23 21:32:03.757[main]utilities.Constants1)-Valid link found: https://lms-frontend-hackathon-oct24-173fe394c071.herokuapp.com/favicon.ico
[INFO ]2024-10-23 21:32:04.129[main]utilities.Constants1)-Broken link found: https://fonts.gstatic.com/ with response code: 404
[INFO ]2024-10-23 21:32:04.308[main]utilities.Constants1)-Valid link found: https://fonts.googleapis.com/css2?family=Roboto:wght@300;400;500&display=swap
[INFO ]2024-10-23 21:32:04.435[main]utilities.Constants1)-Valid link found: https://fonts.googleapis.com/icon?family=Material+Icons
[INFO ]2024-10-23 21:32:04.640[main]utilities.Constants1)-Valid link found: https://lms-frontend-hackathon-oct24-173fe394c071.herokuapp.com/styles.css
[INFO ]2024-10-23 21:32:04.831[main]utilities.Constants1)-Valid link found: https://lms-frontend-hackathon-oct24-173fe394c071.herokuapp.com//program
[INFO ]2024-10-23 21:32:05.032[main]utilities.Constants1)-Valid link found: https://lms-frontend-hackathon-oct24-173fe394c071.herokuapp.com//session
[INFO ]2024-10-23 21:32:58.015[main]utilities.Constants1)-Valid link found: https://lms-frontend-hackathon-oct24-173fe394c071.herokuapp.com/favicon.ico
[INFO ]2024-10-23 21:32:58.285[main]utilities.Constants1)-Broken link found: https://fonts.gstatic.com/ with response code: 404
[INFO ]2024-10-23 21:32:58.447[main]utilities.Constants1)-Valid link found: https://fonts.googleapis.com/css2?family=Roboto:wght@300;400;500&display=swap
[INFO ]2024-10-23 21:32:58.636[main]utilities.Constants1)-Valid link found: https://fonts.googleapis.com/icon?family=Material+Icons
[INFO ]2024-10-23 21:32:58.840[main]utilities.Constants1)-Valid link found: https://lms-frontend-hackathon-oct24-173fe394c071.herokuapp.com/styles.css
[INFO ]2024-10-23 21:32:59.038[main]utilities.Constants1)-Valid link found: https://lms-frontend-hackathon-oct24-173fe394c071.herokuapp.com//program
[INFO ]2024-10-23 21:32:59.287[main]utilities.Constants1)-Valid link found: https://lms-frontend-hackathon-oct24-173fe394c071.herokuapp.com//session
[INFO ]2024-10-23 21:39:18.330[main]utilities.Constants1)-Valid link found: https://lms-frontend-hackathon-oct24-173fe394c071.herokuapp.com/favicon.ico
[INFO ]2024-10-23 21:39:18.532[main]utilities.Constants1)-Broken link found: https://fonts.gstatic.com/ with response code: 404
[INFO ]2024-10-23 21:39:18.823[main]utilities.Constants1)-Valid link found: https://fonts.googleapis.com/css2?family=Roboto:wght@300;400;500&display=swap
[INFO ]2024-10-23 21:39:19.053[main]utilities.Constants1)-Valid link found: https://fonts.googleapis.com/icon?family=Material+Icons
[INFO ]2024-10-23 21:39:19.338[main]utilities.Constants1)-Valid link found: https://lms-frontend-hackathon-oct24-173fe394c071.herokuapp.com/styles.css
[INFO ]2024-10-23 21:39:19.365[main]utilities.Constants1)-No routerLink configured for button element.
[INFO ]2024-10-23 21:39:19.380[main]utilities.Constants1)-No routerLink configured for button element.
[INFO ]2024-10-23 21:39:19.394[main]utilities.Constants1)-No routerLink configured for button element.
[INFO ]2024-10-23 21:39:19.407[main]utilities.Constants1)-No routerLink configured for button element.
[INFO ]2024-10-23 21:41:54.913[main]utilities.Constants1)-Valid link found: https://lms-frontend-hackathon-oct24-173fe394c071.herokuapp.com/favicon.ico
[INFO ]2024-10-23 21:41:55.108[main]utilities.Constants1)-Broken link found: https://fonts.gstatic.com/ with response code: 404
[INFO ]2024-10-23 21:41:55.271[main]utilities.Constants1)-Valid link found: https://fonts.googleapis.com/css2?family=Roboto:wght@300;400;500&display=swap
[INFO ]2024-10-23 21:41:55.453[main]utilities.Constants1)-Valid link found: https://fonts.googleapis.com/icon?family=Material+Icons
[INFO ]2024-10-23 21:41:55.627[main]utilities.Constants1)-Valid link found: https://lms-frontend-hackathon-oct24-173fe394c071.herokuapp.com/styles.css
[INFO ]2024-10-23 21:41:55.786[main]utilities.Constants1)-Valid link found: https://lms-frontend-hackathon-oct24-173fe394c071.herokuapp.com//program
[INFO ]2024-10-23 21:41:55.943[main]utilities.Constants1)-Valid link found: https://lms-frontend-hackathon-oct24-173fe394c071.herokuapp.com//session
[INFO ]2024-10-23 21:45:03.699[main]utilities.Constants1)-Valid link found: https://lms-frontend-hackathon-oct24-173fe394c071.herokuapp.com/favicon.ico
[INFO ]2024-10-23 21:45:03.859[main]utilities.Constants1)-Broken link found: https://fonts.gstatic.com/ with response code: 404
[INFO ]2024-10-23 21:45:03.987[main]utilities.Constants1)-Valid link found: https://fonts.googleapis.com/css2?family=Roboto:wght@300;400;500&display=swap
[INFO ]2024-10-23 21:45:04.134[main]utilities.Constants1)-Valid link found: https://fonts.googleapis.com/icon?family=Material+Icons
[INFO ]2024-10-23 21:45:04.359[main]utilities.Constants1)-Valid link found: https://lms-frontend-hackathon-oct24-173fe394c071.herokuapp.com/styles.css
[INFO ]2024-10-23 21:47:04.735[main]utilities.Constants1)-Error connecting to the URL
[INFO ]2024-10-23 21:47:47.439[main]utilities.Constants1)-Valid link found: https://lms-frontend-hackathon-oct24-173fe394c071.herokuapp.com/favicon.ico
[INFO ]2024-10-23 21:47:47.614[main]utilities.Constants1)-Broken link found: https://fonts.gstatic.com/ with response code: 404
[INFO ]2024-10-23 21:47:47.800[main]utilities.Constants1)-Valid link found: https://fonts.googleapis.com/css2?family=Roboto:wght@300;400;500&display=swap
[INFO ]2024-10-23 21:47:47.953[main]utilities.Constants1)-Valid link found: https://fonts.googleapis.com/icon?family=Material+Icons
[INFO ]2024-10-23 21:47:48.150[main]utilities.Constants1)-Valid link found: https://lms-frontend-hackathon-oct24-173fe394c071.herokuapp.com/styles.css
[INFO ]2024-10-23 21:47:48.411[main]utilities.Constants1)-Valid link found: https://lms-frontend-hackathon-oct24-173fe394c071.herokuapp.com//program
[INFO ]2024-10-23 21:47:48.626[main]utilities.Constants1)-Valid link found: https://lms-frontend-hackathon-oct24-173fe394c071.herokuapp.com//session
[INFO ]2024-10-23 21:58:25.802[main]utilities.Constants1)-Valid link found: https://lms-frontend-hackathon-oct24-173fe394c071.herokuapp.com/favicon.ico
[INFO ]2024-10-23 21:58:25.998[main]utilities.Constants1)-Broken link found: https://fonts.gstatic.com/ with response code: 404
[INFO ]2024-10-23 21:58:26.169[main]utilities.Constants1)-Valid link found: https://fonts.googleapis.com/css2?family=Roboto:wght@300;400;500&display=swap
[INFO ]2024-10-23 21:58:26.311[main]utilities.Constants1)-Valid link found: https://fonts.googleapis.com/icon?family=Material+Icons
[INFO ]2024-10-23 21:58:26.577[main]utilities.Constants1)-Valid link found: https://lms-frontend-hackathon-oct24-173fe394c071.herokuapp.com/styles.css
[INFO ]2024-10-23 21:58:26.781[main]utilities.Constants1)-Valid link found: https://lms-frontend-hackathon-oct24-173fe394c071.herokuapp.com//program
[INFO ]2024-10-23 21:58:27.027[main]utilities.Constants1)-Valid link found: https://lms-frontend-hackathon-oct24-173fe394c071.herokuapp.com//session
[INFO ]2024-10-23 22:10:40.809[main]utilities.Constants1)-Valid link found: https://lms-frontend-hackathon-oct24-173fe394c071.herokuapp.com/favicon.ico
[INFO ]2024-10-23 22:10:40.963[main]utilities.Constants1)-Broken link found: https://fonts.gstatic.com/ with response code: 404
[INFO ]2024-10-23 22:10:41.102[main]utilities.Constants1)-Valid link found: https://fonts.googleapis.com/css2?family=Roboto:wght@300;400;500&display=swap
[INFO ]2024-10-23 22:10:41.253[main]utilities.Constants1)-Valid link found: https://fonts.googleapis.com/icon?family=Material+Icons
[INFO ]2024-10-23 22:10:41.433[main]utilities.Constants1)-Valid link found: https://lms-frontend-hackathon-oct24-173fe394c071.herokuapp.com/styles.css
[INFO ]2024-10-23 22:10:41.655[main]utilities.Constants1)-Valid link found: https://lms-frontend-hackathon-oct24-173fe394c071.herokuapp.com//program
[INFO ]2024-10-23 22:10:41.891[main]utilities.Constants1)-Valid link found: https://lms-frontend-hackathon-oct24-173fe394c071.herokuapp.com//session
[INFO ]2024-10-23 22:58:53.335[main]utilities.Constants1)-Valid link found: https://lms-frontend-hackathon-oct24-173fe394c071.herokuapp.com/favicon.ico
[INFO ]2024-10-23 22:58:53.525[main]utilities.Constants1)-Broken link found: https://fonts.gstatic.com/ with response code: 404
[INFO ]2024-10-23 22:58:53.703[main]utilities.Constants1)-Valid link found: https://fonts.googleapis.com/css2?family=Roboto:wght@300;400;500&display=swap
[INFO ]2024-10-23 22:58:53.906[main]utilities.Constants1)-Valid link found: https://fonts.googleapis.com/icon?family=Material+Icons
[INFO ]2024-10-23 22:58:54.133[main]utilities.Constants1)-Valid link found: https://lms-frontend-hackathon-oct24-173fe394c071.herokuapp.com/styles.css
[INFO ]2024-10-23 22:58:54.309[main]utilities.Constants1)-Valid link found: https://lms-frontend-hackathon-oct24-173fe394c071.herokuapp.com//program
[INFO ]2024-10-23 22:58:54.498[main]utilities.Constants1)-Valid link found: https://lms-frontend-hackathon-oct24-173fe394c071.herokuapp.com//session
[INFO ]2024-10-24 09:43:57.574[main]utilities.Constants1)-Valid link found: https://lms-frontend-hackathon-oct24-173fe394c071.herokuapp.com/favicon.ico
[INFO ]2024-10-24 09:43:57.732[main]utilities.Constants1)-Broken link found: https://fonts.gstatic.com/ with response code: 404
[INFO ]2024-10-24 09:43:57.866[main]utilities.Constants1)-Valid link found: https://fonts.googleapis.com/css2?family=Roboto:wght@300;400;500&display=swap
[INFO ]2024-10-24 09:43:57.984[main]utilities.Constants1)-Valid link found: https://fonts.googleapis.com/icon?family=Material+Icons
[INFO ]2024-10-24 09:43:58.153[main]utilities.Constants1)-Valid link found: https://lms-frontend-hackathon-oct24-173fe394c071.herokuapp.com/styles.css
[INFO ]2024-10-24 09:43:58.334[main]utilities.Constants1)-Valid link found: https://lms-frontend-hackathon-oct24-173fe394c071.herokuapp.com//program
[INFO ]2024-10-24 09:43:58.498[main]utilities.Constants1)-Valid link found: https://lms-frontend-hackathon-oct24-173fe394c071.herokuapp.com//session
[INFO ]2024-10-24 09:46:51.764[main]utilities.Constants1)-Valid link found: https://lms-frontend-hackathon-oct24-173fe394c071.herokuapp.com/favicon.ico
[INFO ]2024-10-24 09:46:52.011[main]utilities.Constants1)-Broken link found: https://fonts.gstatic.com/ with response code: 404
[INFO ]2024-10-24 09:46:52.140[main]utilities.Constants1)-Valid link found: https://fonts.googleapis.com/css2?family=Roboto:wght@300;400;500&display=swap
[INFO ]2024-10-24 09:46:52.267[main]utilities.Constants1)-Valid link found: https://fonts.googleapis.com/icon?family=Material+Icons
[INFO ]2024-10-24 09:46:52.444[main]utilities.Constants1)-Valid link found: https://lms-frontend-hackathon-oct24-173fe394c071.herokuapp.com/styles.css
[INFO ]2024-10-24 09:46:52.598[main]utilities.Constants1)-Valid link found: https://lms-frontend-hackathon-oct24-173fe394c071.herokuapp.com//program
[INFO ]2024-10-24 09:46:52.755[main]utilities.Constants1)-Valid link found: https://lms-frontend-hackathon-oct24-173fe394c071.herokuapp.com//session
[INFO ]2024-10-24 19:41:17.656[main]utilities.Constants1)-Showing 1 to 5 of 42 entries
[INFO ]2024-10-24 20:00:13.498[main]utilities.Constants1)-Valid link found: https://lms-frontend-hackathon-oct24-173fe394c071.herokuapp.com/favicon.ico
[INFO ]2024-10-24 20:00:13.672[main]utilities.Constants1)-Broken link found: https://fonts.gstatic.com/ with response code: 404
[INFO ]2024-10-24 20:00:13.790[main]utilities.Constants1)-Valid link found: https://fonts.googleapis.com/css2?family=Roboto:wght@300;400;500&display=swap
[INFO ]2024-10-24 20:00:13.926[main]utilities.Constants1)-Valid link found: https://fonts.googleapis.com/icon?family=Material+Icons
[INFO ]2024-10-24 20:00:14.195[main]utilities.Constants1)-Valid link found: https://lms-frontend-hackathon-oct24-173fe394c071.herokuapp.com/styles.css
[INFO ]2024-10-24 20:00:14.383[main]utilities.Constants1)-Valid link found: https://lms-frontend-hackathon-oct24-173fe394c071.herokuapp.com//program
[INFO ]2024-10-24 20:00:14.554[main]utilities.Constants1)-Valid link found: https://lms-frontend-hackathon-oct24-173fe394c071.herokuapp.com//session
[INFO ]2024-10-24 20:01:15.825[main]utilities.Constants1)-Valid link found: https://lms-frontend-hackathon-oct24-173fe394c071.herokuapp.com/favicon.ico
[INFO ]2024-10-24 20:01:16.064[main]utilities.Constants1)-Broken link found: https://fonts.gstatic.com/ with response code: 404
[INFO ]2024-10-24 20:01:16.310[main]utilities.Constants1)-Valid link found: https://fonts.googleapis.com/css2?family=Roboto:wght@300;400;500&display=swap
[INFO ]2024-10-24 20:01:16.497[main]utilities.Constants1)-Valid link found: https://fonts.googleapis.com/icon?family=Material+Icons
[INFO ]2024-10-24 20:01:16.793[main]utilities.Constants1)-Valid link found: https://lms-frontend-hackathon-oct24-173fe394c071.herokuapp.com/styles.css
[INFO ]2024-10-24 20:01:17.103[main]utilities.Constants1)-Valid link found: https://lms-frontend-hackathon-oct24-173fe394c071.herokuapp.com//program
[INFO ]2024-10-24 20:01:17.291[main]utilities.Constants1)-Valid link found: https://lms-frontend-hackathon-oct24-173fe394c071.herokuapp.com//session
[INFO ]2024-10-24 20:02:42.321[main]utilities.Constants1)-Showing 1 to 5 of 41 entries
[INFO ]2024-10-24 23:44:49.991[main]utilities.Constants1)-No errors is found
[INFO ]2024-10-24 23:45:02.170[main]utilities.Constants1)-No errors is found
[INFO ]2024-10-24 23:45:14.360[main]utilities.Constants1)-No errors is found
[INFO ]2024-10-24 23:47:59.154[main]utilities.Constants1)-No errors is found
[INFO ]2024-10-24 23:48:11.112[main]utilities.Constants1)-No errors is found
[INFO ]2024-10-24 23:48:22.951[main]utilities.Constants1)-No errors is found
[INFO ]2024-10-26 09:55:54.632[main]utilities.Constants1)-Error in getting alertsExpected condition failed: waiting for alert to be present (tried for 30 second(s) with 500 milliseconds interval)
Build info: version: '4.23.0', revision: '4df0a231af'
System info: os.name: 'Windows 10', os.arch: 'amd64', os.version: '10.0', java.version: '17.0.8'
Driver info: org.openqa.selenium.chrome.ChromeDriver
Capabilities {acceptInsecureCerts: false, browserName: chrome, browserVersion: 130.0.6723.70, chrome: {chromedriverVersion: 130.0.6723.69 (3ec172b971b9..., userDataDir: C:\Users\akash\AppData\Loca...}, fedcm:accounts: true, goog:chromeOptions: {debuggerAddress: localhost:50477}, networkConnectionEnabled: false, pageLoadStrategy: normal, platformName: windows, proxy: Proxy(), se:cdp: ws://localhost:50477/devtoo..., se:cdpVersion: 130.0.6723.70, setWindowRect: true, strictFileInteractability: false, timeouts: {implicit: 0, pageLoad: 300000, script: 30000}, unhandledPromptBehavior: dismiss and notify, webauthn:extension:credBlob: true, webauthn:extension:largeBlob: true, webauthn:extension:minPinLength: true, webauthn:extension:prf: true, webauthn:virtualAuthenticators: true}
Session ID: 15837f1d32848e2873eb2568e7b631d0
[INFO ]2024-10-26 11:26:32.150[main]utilities.Constants1)-Error in getting alertsExpected condition failed: waiting for alert to be present (tried for 30 second(s) with 500 milliseconds interval)
Build info: version: '4.23.0', revision: '4df0a231af'
System info: os.name: 'Windows 10', os.arch: 'amd64', os.version: '10.0', java.version: '17.0.8'
Driver info: org.openqa.selenium.chrome.ChromeDriver
Capabilities {acceptInsecureCerts: false, browserName: chrome, browserVersion: 130.0.6723.70, chrome: {chromedriverVersion: 130.0.6723.69 (3ec172b971b9..., userDataDir: C:\Users\akash\AppData\Loca...}, fedcm:accounts: true, goog:chromeOptions: {debuggerAddress: localhost:60187}, networkConnectionEnabled: false, pageLoadStrategy: normal, platformName: windows, proxy: Proxy(), se:cdp: ws://localhost:60187/devtoo..., se:cdpVersion: 130.0.6723.70, setWindowRect: true, strictFileInteractability: false, timeouts: {implicit: 0, pageLoad: 300000, script: 30000}, unhandledPromptBehavior: dismiss and notify, webauthn:extension:credBlob: true, webauthn:extension:largeBlob: true, webauthn:extension:minPinLength: true, webauthn:extension:prf: true, webauthn:virtualAuthenticators: true}
Session ID: e754f1c98cbbd2e56210cb8ac1d26396
[INFO ]2024-10-26 12:07:55.274[main]utilities.Constants1)-Error in getting alertsExpected condition failed: waiting for alert to be present (tried for 30 second(s) with 500 milliseconds interval)
Build info: version: '4.23.0', revision: '4df0a231af'
System info: os.name: 'Windows 10', os.arch: 'amd64', os.version: '10.0', java.version: '17.0.8'
Driver info: org.openqa.selenium.chrome.ChromeDriver
Capabilities {acceptInsecureCerts: false, browserName: chrome, browserVersion: 130.0.6723.70, chrome: {chromedriverVersion: 130.0.6723.69 (3ec172b971b9..., userDataDir: C:\Users\akash\AppData\Loca...}, fedcm:accounts: true, goog:chromeOptions: {debuggerAddress: localhost:62421}, networkConnectionEnabled: false, pageLoadStrategy: normal, platformName: windows, proxy: Proxy(), se:cdp: ws://localhost:62421/devtoo..., se:cdpVersion: 130.0.6723.70, setWindowRect: true, strictFileInteractability: false, timeouts: {implicit: 0, pageLoad: 300000, script: 30000}, unhandledPromptBehavior: dismiss and notify, webauthn:extension:credBlob: true, webauthn:extension:largeBlob: true, webauthn:extension:minPinLength: true, webauthn:extension:prf: true, webauthn:virtualAuthenticators: true}
Session ID: e427ee33a8f2654fec51aaad561a17f4
[INFO ]2024-10-26 12:17:41.584[main]utilities.Constants1)-Error in getting alertsExpected condition failed: waiting for alert to be present (tried for 30 second(s) with 500 milliseconds interval)
Build info: version: '4.23.0', revision: '4df0a231af'
System info: os.name: 'Windows 10', os.arch: 'amd64', os.version: '10.0', java.version: '17.0.8'
Driver info: org.openqa.selenium.chrome.ChromeDriver
Capabilities {acceptInsecureCerts: false, browserName: chrome, browserVersion: 130.0.6723.70, chrome: {chromedriverVersion: 130.0.6723.69 (3ec172b971b9..., userDataDir: C:\Users\akash\AppData\Loca...}, fedcm:accounts: true, goog:chromeOptions: {debuggerAddress: localhost:63484}, networkConnectionEnabled: false, pageLoadStrategy: normal, platformName: windows, proxy: Proxy(), se:cdp: ws://localhost:63484/devtoo..., se:cdpVersion: 130.0.6723.70, setWindowRect: true, strictFileInteractability: false, timeouts: {implicit: 0, pageLoad: 300000, script: 30000}, unhandledPromptBehavior: dismiss and notify, webauthn:extension:credBlob: true, webauthn:extension:largeBlob: true, webauthn:extension:minPinLength: true, webauthn:extension:prf: true, webauthn:virtualAuthenticators: true}
Session ID: 62db2a2c535a580cd01beb5a956449ba
[INFO ]2024-10-26 12:18:24.747[main]utilities.Constants1)-Error in getting alertsExpected condition failed: waiting for alert to be present (tried for 30 second(s) with 500 milliseconds interval)
Build info: version: '4.23.0', revision: '4df0a231af'
System info: os.name: 'Windows 10', os.arch: 'amd64', os.version: '10.0', java.version: '17.0.8'
Driver info: org.openqa.selenium.chrome.ChromeDriver
Capabilities {acceptInsecureCerts: false, browserName: chrome, browserVersion: 130.0.6723.70, chrome: {chromedriverVersion: 130.0.6723.69 (3ec172b971b9..., userDataDir: C:\Users\akash\AppData\Loca...}, fedcm:accounts: true, goog:chromeOptions: {debuggerAddress: localhost:63484}, networkConnectionEnabled: false, pageLoadStrategy: normal, platformName: windows, proxy: Proxy(), se:cdp: ws://localhost:63484/devtoo..., se:cdpVersion: 130.0.6723.70, setWindowRect: true, strictFileInteractability: false, timeouts: {implicit: 0, pageLoad: 300000, script: 30000}, unhandledPromptBehavior: dismiss and notify, webauthn:extension:credBlob: true, webauthn:extension:largeBlob: true, webauthn:extension:minPinLength: true, webauthn:extension:prf: true, webauthn:virtualAuthenticators: true}
Session ID: 62db2a2c535a580cd01beb5a956449ba
[INFO ]2024-10-26 12:35:19.445[main]utilities.Constants1)-Error in getting alertsExpected condition failed: waiting for alert to be present (tried for 30 second(s) with 500 milliseconds interval)
Build info: version: '4.23.0', revision: '4df0a231af'
System info: os.name: 'Windows 10', os.arch: 'amd64', os.version: '10.0', java.version: '17.0.8'
Driver info: org.openqa.selenium.chrome.ChromeDriver
Capabilities {acceptInsecureCerts: false, browserName: chrome, browserVersion: 130.0.6723.70, chrome: {chromedriverVersion: 130.0.6723.69 (3ec172b971b9..., userDataDir: C:\Users\akash\AppData\Loca...}, fedcm:accounts: true, goog:chromeOptions: {debuggerAddress: localhost:64967}, networkConnectionEnabled: false, pageLoadStrategy: normal, platformName: windows, proxy: Proxy(), se:cdp: ws://localhost:64967/devtoo..., se:cdpVersion: 130.0.6723.70, setWindowRect: true, strictFileInteractability: false, timeouts: {implicit: 0, pageLoad: 300000, script: 30000}, unhandledPromptBehavior: dismiss and notify, webauthn:extension:credBlob: true, webauthn:extension:largeBlob: true, webauthn:extension:minPinLength: true, webauthn:extension:prf: true, webauthn:virtualAuthenticators: true}
Session ID: d728120df6c7c479e7ee91f27e614208
[INFO ]2024-10-26 12:36:02.377[main]utilities.Constants1)-Error in getting alertsExpected condition failed: waiting for alert to be present (tried for 30 second(s) with 500 milliseconds interval)
Build info: version: '4.23.0', revision: '4df0a231af'
System info: os.name: 'Windows 10', os.arch: 'amd64', os.version: '10.0', java.version: '17.0.8'
Driver info: org.openqa.selenium.chrome.ChromeDriver
Capabilities {acceptInsecureCerts: false, browserName: chrome, browserVersion: 130.0.6723.70, chrome: {chromedriverVersion: 130.0.6723.69 (3ec172b971b9..., userDataDir: C:\Users\akash\AppData\Loca...}, fedcm:accounts: true, goog:chromeOptions: {debuggerAddress: localhost:64967}, networkConnectionEnabled: false, pageLoadStrategy: normal, platformName: windows, proxy: Proxy(), se:cdp: ws://localhost:64967/devtoo..., se:cdpVersion: 130.0.6723.70, setWindowRect: true, strictFileInteractability: false, timeouts: {implicit: 0, pageLoad: 300000, script: 30000}, unhandledPromptBehavior: dismiss and notify, webauthn:extension:credBlob: true, webauthn:extension:largeBlob: true, webauthn:extension:minPinLength: true, webauthn:extension:prf: true, webauthn:virtualAuthenticators: true}
Session ID: d728120df6c7c479e7ee91f27e614208
[INFO ]2024-10-26 13:12:33.035[main]utilities.Constants1)-No errors is found
[INFO ]2024-10-26 13:12:45.500[main]utilities.Constants1)-No errors is found
[INFO ]2024-10-26 13:12:57.856[main]utilities.Constants1)-No errors is found
[INFO ]2024-10-26 13:18:50.384[main]utilities.Constants1)-No errors is found
[INFO ]2024-10-26 13:19:02.311[main]utilities.Constants1)-No errors is found
[INFO ]2024-10-26 13:19:14.327[main]utilities.Constants1)-No errors is found
[INFO ]2024-10-26 20:21:47.058[main]utilities.Constants1)-No errors is found
[INFO ]2024-10-26 20:21:58.998[main]utilities.Constants1)-No errors is found
[INFO ]2024-10-26 20:22:10.966[main]utilities.Constants1)-No errors is found
[INFO ]2024-10-26 20:38:52.959[main]utilities.Constants1)-No errors is found
[INFO ]2024-10-26 20:39:04.526[main]utilities.Constants1)-No errors is found
[INFO ]2024-10-26 20:39:16.068[main]utilities.Constants1)-No errors is found
[INFO ]2024-10-26 22:52:37.368[main]utilities.Constants1)-Valid link found: https://lms-frontend-hackathon-oct24-173fe394c071.herokuapp.com/favicon.ico
[INFO ]2024-10-26 22:52:37.893[main]utilities.Constants1)-Broken link found: https://fonts.gstatic.com/ with response code: 404
[INFO ]2024-10-26 22:52:38.203[main]utilities.Constants1)-Valid link found: https://fonts.googleapis.com/css2?family=Roboto:wght@300;400;500&display=swap
[INFO ]2024-10-26 22:52:38.443[main]utilities.Constants1)-Valid link found: https://fonts.googleapis.com/icon?family=Material+Icons
[INFO ]2024-10-26 22:52:38.633[main]utilities.Constants1)-Valid link found: https://lms-frontend-hackathon-oct24-173fe394c071.herokuapp.com/styles.css
[INFO ]2024-10-26 22:52:38.832[main]utilities.Constants1)-Valid link found: https://lms-frontend-hackathon-oct24-173fe394c071.herokuapp.com//program
[INFO ]2024-10-26 22:52:39.025[main]utilities.Constants1)-Valid link found: https://lms-frontend-hackathon-oct24-173fe394c071.herokuapp.com//session
[INFO ]2024-10-26 22:55:23.868[main]utilities.Constants1)-Showing 1 to 5 of 62 entries
[INFO ]2024-10-26 22:57:39.569[main]utilities.Constants1)-No errors is found
[INFO ]2024-10-26 22:57:53.378[main]utilities.Constants1)-No errors is found
[INFO ]2024-10-26 22:58:06.496[main]utilities.Constants1)-No errors is found
[INFO ]2024-10-27 07:00:49.673[main]utilities.Constants1)-Valid link found: https://lms-frontend-hackathon-oct24-173fe394c071.herokuapp.com/favicon.ico
[INFO ]2024-10-27 07:00:49.851[main]utilities.Constants1)-Broken link found: https://fonts.gstatic.com/ with response code: 404
[INFO ]2024-10-27 07:00:49.999[main]utilities.Constants1)-Valid link found: https://fonts.googleapis.com/css2?family=Roboto:wght@300;400;500&display=swap
[INFO ]2024-10-27 07:00:50.109[main]utilities.Constants1)-Valid link found: https://fonts.googleapis.com/icon?family=Material+Icons
[INFO ]2024-10-27 07:00:50.318[main]utilities.Constants1)-Valid link found: https://lms-frontend-hackathon-oct24-173fe394c071.herokuapp.com/styles.css
[INFO ]2024-10-27 07:00:50.476[main]utilities.Constants1)-Valid link found: https://lms-frontend-hackathon-oct24-173fe394c071.herokuapp.com//program
[INFO ]2024-10-27 07:00:50.636[main]utilities.Constants1)-Valid link found: https://lms-frontend-hackathon-oct24-173fe394c071.herokuapp.com//session
[INFO ]2024-10-27 07:04:42.627[main]utilities.Constants1)-Showing 1 to 5 of 53 entries
[INFO ]2024-10-27 07:07:53.891[main]utilities.Constants1)-No errors is found
[INFO ]2024-10-27 07:08:10.482[main]utilities.Constants1)-No errors is found
[INFO ]2024-10-27 07:08:26.994[main]utilities.Constants1)-No errors is found
[INFO ]2024-10-27 07:19:29.452[main]utilities.Constants1)-Valid link found: https://lms-frontend-hackathon-oct24-173fe394c071.herokuapp.com/favicon.ico
[INFO ]2024-10-27 07:19:29.656[main]utilities.Constants1)-Broken link found: https://fonts.gstatic.com/ with response code: 404
[INFO ]2024-10-27 07:19:29.774[main]utilities.Constants1)-Valid link found: https://fonts.googleapis.com/css2?family=Roboto:wght@300;400;500&display=swap
[INFO ]2024-10-27 07:19:29.922[main]utilities.Constants1)-Valid link found: https://fonts.googleapis.com/icon?family=Material+Icons
[INFO ]2024-10-27 07:19:30.103[main]utilities.Constants1)-Valid link found: https://lms-frontend-hackathon-oct24-173fe394c071.herokuapp.com/styles.css
[INFO ]2024-10-27 07:19:30.291[main]utilities.Constants1)-Valid link found: https://lms-frontend-hackathon-oct24-173fe394c071.herokuapp.com//program
[INFO ]2024-10-27 07:19:30.452[main]utilities.Constants1)-Valid link found: https://lms-frontend-hackathon-oct24-173fe394c071.herokuapp.com//session
[INFO ]2024-10-27 07:22:08.707[main]utilities.Constants1)-Showing 1 to 5 of 51 entries
[INFO ]2024-10-27 07:24:20.294[main]utilities.Constants1)-No errors is found
[INFO ]2024-10-27 07:24:32.735[main]utilities.Constants1)-No errors is found
[INFO ]2024-10-27 07:24:44.636[main]utilities.Constants1)-No errors is found
